[09-Jun-2020 21:08:21 UTC] PHP Fatal error:  Uncaught Error: Class 'Theme\Model\CFullWidthImage' not found in /Users/errolsidelsky/Dropbox/www/artbasel/public_html/wp-content/themes/project-theme/Theme/Model/Layout.php:55
Stack trace:
#0 /Users/errolsidelsky/Dropbox/www/artbasel/public_html/wp-content/themes/project-theme/page-art-fairs.php(12): Theme\Model\Layout->__construct()
#1 /Users/errolsidelsky/Dropbox/www/artbasel/public_html/wordpress/wp-includes/template-loader.php(106): include('/Users/errolsid...')
#2 /Users/errolsidelsky/Dropbox/www/artbasel/public_html/wordpress/wp-blog-header.php(19): require_once('/Users/errolsid...')
#3 /Users/errolsidelsky/Dropbox/www/artbasel/public_html/index.php(17): require('/Users/errolsid...')
#4 {main}
  thrown in /Users/errolsidelsky/Dropbox/www/artbasel/public_html/wp-content/themes/project-theme/Theme/Model/Layout.php on line 55
[09-Jun-2020 21:08:23 UTC] PHP Fatal error:  Uncaught Error: Class 'Theme\Model\CFullWidthImage' not found in /Users/errolsidelsky/Dropbox/www/artbasel/public_html/wp-content/themes/project-theme/Theme/Model/Layout.php:55
Stack trace:
#0 /Users/errolsidelsky/Dropbox/www/artbasel/public_html/wp-content/themes/project-theme/page-art-fairs.php(12): Theme\Model\Layout->__construct()
#1 /Users/errolsidelsky/Dropbox/www/artbasel/public_html/wordpress/wp-includes/template-loader.php(106): include('/Users/errolsid...')
#2 /Users/errolsidelsky/Dropbox/www/artbasel/public_html/wordpress/wp-blog-header.php(19): require_once('/Users/errolsid...')
#3 /Users/errolsidelsky/Dropbox/www/artbasel/public_html/index.php(17): require('/Users/errolsid...')
#4 {main}
  thrown in /Users/errolsidelsky/Dropbox/www/artbasel/public_html/wp-content/themes/project-theme/Theme/Model/Layout.php on line 55
[09-Jun-2020 21:08:24 UTC] PHP Fatal error:  Uncaught Error: Class 'Theme\Model\CFullWidthImage' not found in /Users/errolsidelsky/Dropbox/www/artbasel/public_html/wp-content/themes/project-theme/Theme/Model/Layout.php:55
Stack trace:
#0 /Users/errolsidelsky/Dropbox/www/artbasel/public_html/wp-content/themes/project-theme/page-art-fairs.php(12): Theme\Model\Layout->__construct()
#1 /Users/errolsidelsky/Dropbox/www/artbasel/public_html/wordpress/wp-includes/template-loader.php(106): include('/Users/errolsid...')
#2 /Users/errolsidelsky/Dropbox/www/artbasel/public_html/wordpress/wp-blog-header.php(19): require_once('/Users/errolsid...')
#3 /Users/errolsidelsky/Dropbox/www/artbasel/public_html/index.php(17): require('/Users/errolsid...')
#4 {main}
  thrown in /Users/errolsidelsky/Dropbox/www/artbasel/public_html/wp-content/themes/project-theme/Theme/Model/Layout.php on line 55
[09-Jun-2020 21:08:24 UTC] PHP Fatal error:  Uncaught Error: Class 'Theme\Model\CFullWidthImage' not found in /Users/errolsidelsky/Dropbox/www/artbasel/public_html/wp-content/themes/project-theme/Theme/Model/Layout.php:55
Stack trace:
#0 /Users/errolsidelsky/Dropbox/www/artbasel/public_html/wp-content/themes/project-theme/page-art-fairs.php(12): Theme\Model\Layout->__construct()
#1 /Users/errolsidelsky/Dropbox/www/artbasel/public_html/wordpress/wp-includes/template-loader.php(106): include('/Users/errolsid...')
#2 /Users/errolsidelsky/Dropbox/www/artbasel/public_html/wordpress/wp-blog-header.php(19): require_once('/Users/errolsid...')
#3 /Users/errolsidelsky/Dropbox/www/artbasel/public_html/index.php(17): require('/Users/errolsid...')
#4 {main}
  thrown in /Users/errolsidelsky/Dropbox/www/artbasel/public_html/wp-content/themes/project-theme/Theme/Model/Layout.php on line 55
[09-Jun-2020 21:08:24 UTC] PHP Fatal error:  Uncaught Error: Class 'Theme\Model\CFullWidthImage' not found in /Users/errolsidelsky/Dropbox/www/artbasel/public_html/wp-content/themes/project-theme/Theme/Model/Layout.php:55
Stack trace:
#0 /Users/errolsidelsky/Dropbox/www/artbasel/public_html/wp-content/themes/project-theme/page-art-fairs.php(12): Theme\Model\Layout->__construct()
#1 /Users/errolsidelsky/Dropbox/www/artbasel/public_html/wordpress/wp-includes/template-loader.php(106): include('/Users/errolsid...')
#2 /Users/errolsidelsky/Dropbox/www/artbasel/public_html/wordpress/wp-blog-header.php(19): require_once('/Users/errolsid...')
#3 /Users/errolsidelsky/Dropbox/www/artbasel/public_html/index.php(17): require('/Users/errolsid...')
#4 {main}
  thrown in /Users/errolsidelsky/Dropbox/www/artbasel/public_html/wp-content/themes/project-theme/Theme/Model/Layout.php on line 55
[09-Jun-2020 21:08:24 UTC] PHP Fatal error:  Uncaught Error: Class 'Theme\Model\CFullWidthImage' not found in /Users/errolsidelsky/Dropbox/www/artbasel/public_html/wp-content/themes/project-theme/Theme/Model/Layout.php:55
Stack trace:
#0 /Users/errolsidelsky/Dropbox/www/artbasel/public_html/wp-content/themes/project-theme/page-art-fairs.php(12): Theme\Model\Layout->__construct()
#1 /Users/errolsidelsky/Dropbox/www/artbasel/public_html/wordpress/wp-includes/template-loader.php(106): include('/Users/errolsid...')
#2 /Users/errolsidelsky/Dropbox/www/artbasel/public_html/wordpress/wp-blog-header.php(19): require_once('/Users/errolsid...')
#3 /Users/errolsidelsky/Dropbox/www/artbasel/public_html/index.php(17): require('/Users/errolsid...')
#4 {main}
  thrown in /Users/errolsidelsky/Dropbox/www/artbasel/public_html/wp-content/themes/project-theme/Theme/Model/Layout.php on line 55
[09-Jun-2020 21:08:24 UTC] PHP Fatal error:  Uncaught Error: Class 'Theme\Model\CFullWidthImage' not found in /Users/errolsidelsky/Dropbox/www/artbasel/public_html/wp-content/themes/project-theme/Theme/Model/Layout.php:55
Stack trace:
#0 /Users/errolsidelsky/Dropbox/www/artbasel/public_html/wp-content/themes/project-theme/page-art-fairs.php(12): Theme\Model\Layout->__construct()
#1 /Users/errolsidelsky/Dropbox/www/artbasel/public_html/wordpress/wp-includes/template-loader.php(106): include('/Users/errolsid...')
#2 /Users/errolsidelsky/Dropbox/www/artbasel/public_html/wordpress/wp-blog-header.php(19): require_once('/Users/errolsid...')
#3 /Users/errolsidelsky/Dropbox/www/artbasel/public_html/index.php(17): require('/Users/errolsid...')
#4 {main}
  thrown in /Users/errolsidelsky/Dropbox/www/artbasel/public_html/wp-content/themes/project-theme/Theme/Model/Layout.php on line 55
[09-Jun-2020 21:09:12 UTC] PHP Fatal error:  Uncaught Error: Class 'Theme\Model\CFullWidthImage' not found in /Users/errolsidelsky/Dropbox/www/artbasel/public_html/wp-content/themes/project-theme/Theme/Model/Layout.php:55
Stack trace:
#0 /Users/errolsidelsky/Dropbox/www/artbasel/public_html/wp-content/themes/project-theme/page-art-fairs.php(12): Theme\Model\Layout->__construct()
#1 /Users/errolsidelsky/Dropbox/www/artbasel/public_html/wordpress/wp-includes/template-loader.php(106): include('/Users/errolsid...')
#2 /Users/errolsidelsky/Dropbox/www/artbasel/public_html/wordpress/wp-blog-header.php(19): require_once('/Users/errolsid...')
#3 /Users/errolsidelsky/Dropbox/www/artbasel/public_html/index.php(17): require('/Users/errolsid...')
#4 {main}
  thrown in /Users/errolsidelsky/Dropbox/www/artbasel/public_html/wp-content/themes/project-theme/Theme/Model/Layout.php on line 55
[09-Jun-2020 21:10:18 UTC] PHP Notice:  Undefined index: image_content in /Users/errolsidelsky/Dropbox/www/artbasel/public_html/wp-content/themes/project-theme/Theme/Model/ImageContent.php on line 14
[09-Jun-2020 21:10:18 UTC] PHP Stack trace:
[09-Jun-2020 21:10:18 UTC] PHP   1. {main}() /Users/errolsidelsky/Dropbox/www/artbasel/public_html/index.php:0
[09-Jun-2020 21:10:18 UTC] PHP   2. require() /Users/errolsidelsky/Dropbox/www/artbasel/public_html/index.php:17
[09-Jun-2020 21:10:18 UTC] PHP   3. require_once() /Users/errolsidelsky/Dropbox/www/artbasel/public_html/wordpress/wp-blog-header.php:19
[09-Jun-2020 21:10:18 UTC] PHP   4. include() /Users/errolsidelsky/Dropbox/www/artbasel/public_html/wordpress/wp-includes/template-loader.php:106
[09-Jun-2020 21:10:18 UTC] PHP   5. Theme\Model\Layout->__construct() /Users/errolsidelsky/Dropbox/www/artbasel/public_html/wp-content/themes/project-theme/page-art-fairs.php:12
[09-Jun-2020 21:10:18 UTC] PHP   6. Theme\Model\ImageContent->getImageContent() /Users/errolsidelsky/Dropbox/www/artbasel/public_html/wp-content/themes/project-theme/Theme/Model/Layout.php:56
[09-Jun-2020 21:10:18 UTC] PHP Notice:  Undefined index: video_content in /Users/errolsidelsky/Dropbox/www/artbasel/public_html/wp-content/themes/project-theme/Theme/Model/ImageContent.php on line 15
[09-Jun-2020 21:10:18 UTC] PHP Stack trace:
[09-Jun-2020 21:10:18 UTC] PHP   1. {main}() /Users/errolsidelsky/Dropbox/www/artbasel/public_html/index.php:0
[09-Jun-2020 21:10:18 UTC] PHP   2. require() /Users/errolsidelsky/Dropbox/www/artbasel/public_html/index.php:17
[09-Jun-2020 21:10:18 UTC] PHP   3. require_once() /Users/errolsidelsky/Dropbox/www/artbasel/public_html/wordpress/wp-blog-header.php:19
[09-Jun-2020 21:10:18 UTC] PHP   4. include() /Users/errolsidelsky/Dropbox/www/artbasel/public_html/wordpress/wp-includes/template-loader.php:106
[09-Jun-2020 21:10:18 UTC] PHP   5. Theme\Model\Layout->__construct() /Users/errolsidelsky/Dropbox/www/artbasel/public_html/wp-content/themes/project-theme/page-art-fairs.php:12
[09-Jun-2020 21:10:18 UTC] PHP   6. Theme\Model\ImageContent->getImageContent() /Users/errolsidelsky/Dropbox/www/artbasel/public_html/wp-content/themes/project-theme/Theme/Model/Layout.php:56
[09-Jun-2020 21:10:18 UTC] PHP Notice:  Undefined index: portrait_video in /Users/errolsidelsky/Dropbox/www/artbasel/public_html/wp-content/themes/project-theme/Theme/Model/ImageContent.php on line 16
[09-Jun-2020 21:10:18 UTC] PHP Stack trace:
[09-Jun-2020 21:10:18 UTC] PHP   1. {main}() /Users/errolsidelsky/Dropbox/www/artbasel/public_html/index.php:0
[09-Jun-2020 21:10:18 UTC] PHP   2. require() /Users/errolsidelsky/Dropbox/www/artbasel/public_html/index.php:17
[09-Jun-2020 21:10:18 UTC] PHP   3. require_once() /Users/errolsidelsky/Dropbox/www/artbasel/public_html/wordpress/wp-blog-header.php:19
[09-Jun-2020 21:10:18 UTC] PHP   4. include() /Users/errolsidelsky/Dropbox/www/artbasel/public_html/wordpress/wp-includes/template-loader.php:106
[09-Jun-2020 21:10:18 UTC] PHP   5. Theme\Model\Layout->__construct() /Users/errolsidelsky/Dropbox/www/artbasel/public_html/wp-content/themes/project-theme/page-art-fairs.php:12
[09-Jun-2020 21:10:18 UTC] PHP   6. Theme\Model\ImageContent->getImageContent() /Users/errolsidelsky/Dropbox/www/artbasel/public_html/wp-content/themes/project-theme/Theme/Model/Layout.php:56
[09-Jun-2020 21:10:18 UTC] PHP Notice:  Undefined index: carousel in /Users/errolsidelsky/Dropbox/www/artbasel/public_html/wp-content/themes/project-theme/Theme/Model/ImageContent.php on line 17
[09-Jun-2020 21:10:18 UTC] PHP Stack trace:
[09-Jun-2020 21:10:18 UTC] PHP   1. {main}() /Users/errolsidelsky/Dropbox/www/artbasel/public_html/index.php:0
[09-Jun-2020 21:10:18 UTC] PHP   2. require() /Users/errolsidelsky/Dropbox/www/artbasel/public_html/index.php:17
[09-Jun-2020 21:10:18 UTC] PHP   3. require_once() /Users/errolsidelsky/Dropbox/www/artbasel/public_html/wordpress/wp-blog-header.php:19
[09-Jun-2020 21:10:18 UTC] PHP   4. include() /Users/errolsidelsky/Dropbox/www/artbasel/public_html/wordpress/wp-includes/template-loader.php:106
[09-Jun-2020 21:10:18 UTC] PHP   5. Theme\Model\Layout->__construct() /Users/errolsidelsky/Dropbox/www/artbasel/public_html/wp-content/themes/project-theme/page-art-fairs.php:12
[09-Jun-2020 21:10:18 UTC] PHP   6. Theme\Model\ImageContent->getImageContent() /Users/errolsidelsky/Dropbox/www/artbasel/public_html/wp-content/themes/project-theme/Theme/Model/Layout.php:56
[09-Jun-2020 21:10:18 UTC] PHP Notice:  Undefined index: iframe in /Users/errolsidelsky/Dropbox/www/artbasel/public_html/wp-content/themes/project-theme/Theme/Model/ImageContent.php on line 18
[09-Jun-2020 21:10:18 UTC] PHP Stack trace:
[09-Jun-2020 21:10:18 UTC] PHP   1. {main}() /Users/errolsidelsky/Dropbox/www/artbasel/public_html/index.php:0
[09-Jun-2020 21:10:18 UTC] PHP   2. require() /Users/errolsidelsky/Dropbox/www/artbasel/public_html/index.php:17
[09-Jun-2020 21:10:18 UTC] PHP   3. require_once() /Users/errolsidelsky/Dropbox/www/artbasel/public_html/wordpress/wp-blog-header.php:19
[09-Jun-2020 21:10:18 UTC] PHP   4. include() /Users/errolsidelsky/Dropbox/www/artbasel/public_html/wordpress/wp-includes/template-loader.php:106
[09-Jun-2020 21:10:18 UTC] PHP   5. Theme\Model\Layout->__construct() /Users/errolsidelsky/Dropbox/www/artbasel/public_html/wp-content/themes/project-theme/page-art-fairs.php:12
[09-Jun-2020 21:10:18 UTC] PHP   6. Theme\Model\ImageContent->getImageContent() /Users/errolsidelsky/Dropbox/www/artbasel/public_html/wp-content/themes/project-theme/Theme/Model/Layout.php:56
[09-Jun-2020 21:10:18 UTC] PHP Notice:  Undefined index: image_content in /Users/errolsidelsky/Dropbox/www/artbasel/public_html/wp-content/themes/project-theme/Theme/Model/ImageContent.php on line 14
[09-Jun-2020 21:10:18 UTC] PHP Stack trace:
[09-Jun-2020 21:10:18 UTC] PHP   1. {main}() /Users/errolsidelsky/Dropbox/www/artbasel/public_html/index.php:0
[09-Jun-2020 21:10:18 UTC] PHP   2. require() /Users/errolsidelsky/Dropbox/www/artbasel/public_html/index.php:17
[09-Jun-2020 21:10:18 UTC] PHP   3. require_once() /Users/errolsidelsky/Dropbox/www/artbasel/public_html/wordpress/wp-blog-header.php:19
[09-Jun-2020 21:10:18 UTC] PHP   4. include() /Users/errolsidelsky/Dropbox/www/artbasel/public_html/wordpress/wp-includes/template-loader.php:106
[09-Jun-2020 21:10:18 UTC] PHP   5. Theme\Model\Layout->__construct() /Users/errolsidelsky/Dropbox/www/artbasel/public_html/wp-content/themes/project-theme/page-art-fairs.php:12
[09-Jun-2020 21:10:18 UTC] PHP   6. Theme\Model\ImageContent->getImageContent() /Users/errolsidelsky/Dropbox/www/artbasel/public_html/wp-content/themes/project-theme/Theme/Model/Layout.php:56
[09-Jun-2020 21:10:18 UTC] PHP Notice:  Undefined index: video_content in /Users/errolsidelsky/Dropbox/www/artbasel/public_html/wp-content/themes/project-theme/Theme/Model/ImageContent.php on line 15
[09-Jun-2020 21:10:18 UTC] PHP Stack trace:
[09-Jun-2020 21:10:18 UTC] PHP   1. {main}() /Users/errolsidelsky/Dropbox/www/artbasel/public_html/index.php:0
[09-Jun-2020 21:10:18 UTC] PHP   2. require() /Users/errolsidelsky/Dropbox/www/artbasel/public_html/index.php:17
[09-Jun-2020 21:10:18 UTC] PHP   3. require_once() /Users/errolsidelsky/Dropbox/www/artbasel/public_html/wordpress/wp-blog-header.php:19
[09-Jun-2020 21:10:18 UTC] PHP   4. include() /Users/errolsidelsky/Dropbox/www/artbasel/public_html/wordpress/wp-includes/template-loader.php:106
[09-Jun-2020 21:10:18 UTC] PHP   5. Theme\Model\Layout->__construct() /Users/errolsidelsky/Dropbox/www/artbasel/public_html/wp-content/themes/project-theme/page-art-fairs.php:12
[09-Jun-2020 21:10:18 UTC] PHP   6. Theme\Model\ImageContent->getImageContent() /Users/errolsidelsky/Dropbox/www/artbasel/public_html/wp-content/themes/project-theme/Theme/Model/Layout.php:56
[09-Jun-2020 21:10:18 UTC] PHP Notice:  Undefined index: portrait_video in /Users/errolsidelsky/Dropbox/www/artbasel/public_html/wp-content/themes/project-theme/Theme/Model/ImageContent.php on line 16
[09-Jun-2020 21:10:18 UTC] PHP Stack trace:
[09-Jun-2020 21:10:18 UTC] PHP   1. {main}() /Users/errolsidelsky/Dropbox/www/artbasel/public_html/index.php:0
[09-Jun-2020 21:10:18 UTC] PHP   2. require() /Users/errolsidelsky/Dropbox/www/artbasel/public_html/index.php:17
[09-Jun-2020 21:10:18 UTC] PHP   3. require_once() /Users/errolsidelsky/Dropbox/www/artbasel/public_html/wordpress/wp-blog-header.php:19
[09-Jun-2020 21:10:18 UTC] PHP   4. include() /Users/errolsidelsky/Dropbox/www/artbasel/public_html/wordpress/wp-includes/template-loader.php:106
[09-Jun-2020 21:10:18 UTC] PHP   5. Theme\Model\Layout->__construct() /Users/errolsidelsky/Dropbox/www/artbasel/public_html/wp-content/themes/project-theme/page-art-fairs.php:12
[09-Jun-2020 21:10:18 UTC] PHP   6. Theme\Model\ImageContent->getImageContent() /Users/errolsidelsky/Dropbox/www/artbasel/public_html/wp-content/themes/project-theme/Theme/Model/Layout.php:56
[09-Jun-2020 21:10:18 UTC] PHP Notice:  Undefined index: carousel in /Users/errolsidelsky/Dropbox/www/artbasel/public_html/wp-content/themes/project-theme/Theme/Model/ImageContent.php on line 17
[09-Jun-2020 21:10:18 UTC] PHP Stack trace:
[09-Jun-2020 21:10:18 UTC] PHP   1. {main}() /Users/errolsidelsky/Dropbox/www/artbasel/public_html/index.php:0
[09-Jun-2020 21:10:18 UTC] PHP   2. require() /Users/errolsidelsky/Dropbox/www/artbasel/public_html/index.php:17
[09-Jun-2020 21:10:18 UTC] PHP   3. require_once() /Users/errolsidelsky/Dropbox/www/artbasel/public_html/wordpress/wp-blog-header.php:19
[09-Jun-2020 21:10:18 UTC] PHP   4. include() /Users/errolsidelsky/Dropbox/www/artbasel/public_html/wordpress/wp-includes/template-loader.php:106
[09-Jun-2020 21:10:18 UTC] PHP   5. Theme\Model\Layout->__construct() /Users/errolsidelsky/Dropbox/www/artbasel/public_html/wp-content/themes/project-theme/page-art-fairs.php:12
[09-Jun-2020 21:10:18 UTC] PHP   6. Theme\Model\ImageContent->getImageContent() /Users/errolsidelsky/Dropbox/www/artbasel/public_html/wp-content/themes/project-theme/Theme/Model/Layout.php:56
[09-Jun-2020 21:10:18 UTC] PHP Notice:  Undefined index: iframe in /Users/errolsidelsky/Dropbox/www/artbasel/public_html/wp-content/themes/project-theme/Theme/Model/ImageContent.php on line 18
[09-Jun-2020 21:10:18 UTC] PHP Stack trace:
[09-Jun-2020 21:10:18 UTC] PHP   1. {main}() /Users/errolsidelsky/Dropbox/www/artbasel/public_html/index.php:0
[09-Jun-2020 21:10:18 UTC] PHP   2. require() /Users/errolsidelsky/Dropbox/www/artbasel/public_html/index.php:17
[09-Jun-2020 21:10:18 UTC] PHP   3. require_once() /Users/errolsidelsky/Dropbox/www/artbasel/public_html/wordpress/wp-blog-header.php:19
[09-Jun-2020 21:10:18 UTC] PHP   4. include() /Users/errolsidelsky/Dropbox/www/artbasel/public_html/wordpress/wp-includes/template-loader.php:106
[09-Jun-2020 21:10:18 UTC] PHP   5. Theme\Model\Layout->__construct() /Users/errolsidelsky/Dropbox/www/artbasel/public_html/wp-content/themes/project-theme/page-art-fairs.php:12
[09-Jun-2020 21:10:18 UTC] PHP   6. Theme\Model\ImageContent->getImageContent() /Users/errolsidelsky/Dropbox/www/artbasel/public_html/wp-content/themes/project-theme/Theme/Model/Layout.php:56
[09-Jun-2020 21:10:18 UTC] PHP Notice:  Array to string conversion in /Users/errolsidelsky/Dropbox/www/artbasel/public_html/wp-content/themes/project-theme/Theme/View/Components/c-viewing-room-carousel.php on line 27
[09-Jun-2020 21:10:18 UTC] PHP Stack trace:
[09-Jun-2020 21:10:18 UTC] PHP   1. {main}() /Users/errolsidelsky/Dropbox/www/artbasel/public_html/index.php:0
[09-Jun-2020 21:10:18 UTC] PHP   2. require() /Users/errolsidelsky/Dropbox/www/artbasel/public_html/index.php:17
[09-Jun-2020 21:10:18 UTC] PHP   3. require_once() /Users/errolsidelsky/Dropbox/www/artbasel/public_html/wordpress/wp-blog-header.php:19
[09-Jun-2020 21:10:18 UTC] PHP   4. include() /Users/errolsidelsky/Dropbox/www/artbasel/public_html/wordpress/wp-includes/template-loader.php:106
[09-Jun-2020 21:10:18 UTC] PHP   5. App\Helper\Render->view() /Users/errolsidelsky/Dropbox/www/artbasel/public_html/wp-content/themes/project-theme/page-art-fairs.php:37
[09-Jun-2020 21:10:18 UTC] PHP   6. include() /Users/errolsidelsky/Dropbox/www/artbasel/src/App/Helper/Render.php:26
[09-Jun-2020 21:10:18 UTC] PHP Notice:  Undefined index: title in /Users/errolsidelsky/Dropbox/www/artbasel/public_html/wp-content/themes/project-theme/Theme/View/Components/c-title-break.php on line 11
[09-Jun-2020 21:10:18 UTC] PHP Stack trace:
[09-Jun-2020 21:10:18 UTC] PHP   1. {main}() /Users/errolsidelsky/Dropbox/www/artbasel/public_html/index.php:0
[09-Jun-2020 21:10:18 UTC] PHP   2. require() /Users/errolsidelsky/Dropbox/www/artbasel/public_html/index.php:17
[09-Jun-2020 21:10:18 UTC] PHP   3. require_once() /Users/errolsidelsky/Dropbox/www/artbasel/public_html/wordpress/wp-blog-header.php:19
[09-Jun-2020 21:10:18 UTC] PHP   4. include() /Users/errolsidelsky/Dropbox/www/artbasel/public_html/wordpress/wp-includes/template-loader.php:106
[09-Jun-2020 21:10:18 UTC] PHP   5. App\Helper\Render->view() /Users/errolsidelsky/Dropbox/www/artbasel/public_html/wp-content/themes/project-theme/page-art-fairs.php:72
[09-Jun-2020 21:10:18 UTC] PHP   6. include() /Users/errolsidelsky/Dropbox/www/artbasel/src/App/Helper/Render.php:26
[09-Jun-2020 21:10:18 UTC] PHP Notice:  Undefined index: art_fairs in /Users/errolsidelsky/Dropbox/www/artbasel/public_html/wp-content/themes/project-theme/Theme/View/Components/c-art-fairs.php on line 5
[09-Jun-2020 21:10:18 UTC] PHP Stack trace:
[09-Jun-2020 21:10:18 UTC] PHP   1. {main}() /Users/errolsidelsky/Dropbox/www/artbasel/public_html/index.php:0
[09-Jun-2020 21:10:18 UTC] PHP   2. require() /Users/errolsidelsky/Dropbox/www/artbasel/public_html/index.php:17
[09-Jun-2020 21:10:18 UTC] PHP   3. require_once() /Users/errolsidelsky/Dropbox/www/artbasel/public_html/wordpress/wp-blog-header.php:19
[09-Jun-2020 21:10:18 UTC] PHP   4. include() /Users/errolsidelsky/Dropbox/www/artbasel/public_html/wordpress/wp-includes/template-loader.php:106
[09-Jun-2020 21:10:18 UTC] PHP   5. App\Helper\Render->view() /Users/errolsidelsky/Dropbox/www/artbasel/public_html/wp-content/themes/project-theme/page-art-fairs.php:72
[09-Jun-2020 21:10:18 UTC] PHP   6. include() /Users/errolsidelsky/Dropbox/www/artbasel/src/App/Helper/Render.php:26
[09-Jun-2020 21:10:18 UTC] PHP Warning:  Invalid argument supplied for foreach() in /Users/errolsidelsky/Dropbox/www/artbasel/public_html/wp-content/themes/project-theme/Theme/View/Components/c-art-fairs.php on line 7
[09-Jun-2020 21:10:18 UTC] PHP Stack trace:
[09-Jun-2020 21:10:18 UTC] PHP   1. {main}() /Users/errolsidelsky/Dropbox/www/artbasel/public_html/index.php:0
[09-Jun-2020 21:10:18 UTC] PHP   2. require() /Users/errolsidelsky/Dropbox/www/artbasel/public_html/index.php:17
[09-Jun-2020 21:10:18 UTC] PHP   3. require_once() /Users/errolsidelsky/Dropbox/www/artbasel/public_html/wordpress/wp-blog-header.php:19
[09-Jun-2020 21:10:18 UTC] PHP   4. include() /Users/errolsidelsky/Dropbox/www/artbasel/public_html/wordpress/wp-includes/template-loader.php:106
[09-Jun-2020 21:10:18 UTC] PHP   5. App\Helper\Render->view() /Users/errolsidelsky/Dropbox/www/artbasel/public_html/wp-content/themes/project-theme/page-art-fairs.php:72
[09-Jun-2020 21:10:18 UTC] PHP   6. include() /Users/errolsidelsky/Dropbox/www/artbasel/src/App/Helper/Render.php:26
[09-Jun-2020 21:10:18 UTC] PHP Notice:  Undefined index: art_fairs in /Users/errolsidelsky/Dropbox/www/artbasel/public_html/wp-content/themes/project-theme/Theme/View/Components/c-art-fairs.php on line 5
[09-Jun-2020 21:10:18 UTC] PHP Stack trace:
[09-Jun-2020 21:10:18 UTC] PHP   1. {main}() /Users/errolsidelsky/Dropbox/www/artbasel/public_html/index.php:0
[09-Jun-2020 21:10:18 UTC] PHP   2. require() /Users/errolsidelsky/Dropbox/www/artbasel/public_html/index.php:17
[09-Jun-2020 21:10:18 UTC] PHP   3. require_once() /Users/errolsidelsky/Dropbox/www/artbasel/public_html/wordpress/wp-blog-header.php:19
[09-Jun-2020 21:10:18 UTC] PHP   4. include() /Users/errolsidelsky/Dropbox/www/artbasel/public_html/wordpress/wp-includes/template-loader.php:106
[09-Jun-2020 21:10:18 UTC] PHP   5. App\Helper\Render->view() /Users/errolsidelsky/Dropbox/www/artbasel/public_html/wp-content/themes/project-theme/page-art-fairs.php:72
[09-Jun-2020 21:10:18 UTC] PHP   6. include() /Users/errolsidelsky/Dropbox/www/artbasel/src/App/Helper/Render.php:26
[09-Jun-2020 21:10:18 UTC] PHP Warning:  Invalid argument supplied for foreach() in /Users/errolsidelsky/Dropbox/www/artbasel/public_html/wp-content/themes/project-theme/Theme/View/Components/c-art-fairs.php on line 7
[09-Jun-2020 21:10:18 UTC] PHP Stack trace:
[09-Jun-2020 21:10:18 UTC] PHP   1. {main}() /Users/errolsidelsky/Dropbox/www/artbasel/public_html/index.php:0
[09-Jun-2020 21:10:18 UTC] PHP   2. require() /Users/errolsidelsky/Dropbox/www/artbasel/public_html/index.php:17
[09-Jun-2020 21:10:18 UTC] PHP   3. require_once() /Users/errolsidelsky/Dropbox/www/artbasel/public_html/wordpress/wp-blog-header.php:19
[09-Jun-2020 21:10:18 UTC] PHP   4. include() /Users/errolsidelsky/Dropbox/www/artbasel/public_html/wordpress/wp-includes/template-loader.php:106
[09-Jun-2020 21:10:18 UTC] PHP   5. App\Helper\Render->view() /Users/errolsidelsky/Dropbox/www/artbasel/public_html/wp-content/themes/project-theme/page-art-fairs.php:72
[09-Jun-2020 21:10:18 UTC] PHP   6. include() /Users/errolsidelsky/Dropbox/www/artbasel/src/App/Helper/Render.php:26
[09-Jun-2020 21:10:20 UTC] PHP Notice:  Undefined index: image_content in /Users/errolsidelsky/Dropbox/www/artbasel/public_html/wp-content/themes/project-theme/Theme/Model/ImageContent.php on line 14
[09-Jun-2020 21:10:20 UTC] PHP Stack trace:
[09-Jun-2020 21:10:20 UTC] PHP   1. {main}() /Users/errolsidelsky/Dropbox/www/artbasel/public_html/index.php:0
[09-Jun-2020 21:10:20 UTC] PHP   2. require() /Users/errolsidelsky/Dropbox/www/artbasel/public_html/index.php:17
[09-Jun-2020 21:10:20 UTC] PHP   3. require_once() /Users/errolsidelsky/Dropbox/www/artbasel/public_html/wordpress/wp-blog-header.php:19
[09-Jun-2020 21:10:20 UTC] PHP   4. include() /Users/errolsidelsky/Dropbox/www/artbasel/public_html/wordpress/wp-includes/template-loader.php:106
[09-Jun-2020 21:10:20 UTC] PHP   5. Theme\Model\Layout->__construct() /Users/errolsidelsky/Dropbox/www/artbasel/public_html/wp-content/themes/project-theme/page-art-fairs.php:12
[09-Jun-2020 21:10:20 UTC] PHP   6. Theme\Model\ImageContent->getImageContent() /Users/errolsidelsky/Dropbox/www/artbasel/public_html/wp-content/themes/project-theme/Theme/Model/Layout.php:56
[09-Jun-2020 21:10:20 UTC] PHP Notice:  Undefined index: video_content in /Users/errolsidelsky/Dropbox/www/artbasel/public_html/wp-content/themes/project-theme/Theme/Model/ImageContent.php on line 15
[09-Jun-2020 21:10:20 UTC] PHP Stack trace:
[09-Jun-2020 21:10:20 UTC] PHP   1. {main}() /Users/errolsidelsky/Dropbox/www/artbasel/public_html/index.php:0
[09-Jun-2020 21:10:20 UTC] PHP   2. require() /Users/errolsidelsky/Dropbox/www/artbasel/public_html/index.php:17
[09-Jun-2020 21:10:20 UTC] PHP   3. require_once() /Users/errolsidelsky/Dropbox/www/artbasel/public_html/wordpress/wp-blog-header.php:19
[09-Jun-2020 21:10:20 UTC] PHP   4. include() /Users/errolsidelsky/Dropbox/www/artbasel/public_html/wordpress/wp-includes/template-loader.php:106
[09-Jun-2020 21:10:20 UTC] PHP   5. Theme\Model\Layout->__construct() /Users/errolsidelsky/Dropbox/www/artbasel/public_html/wp-content/themes/project-theme/page-art-fairs.php:12
[09-Jun-2020 21:10:20 UTC] PHP   6. Theme\Model\ImageContent->getImageContent() /Users/errolsidelsky/Dropbox/www/artbasel/public_html/wp-content/themes/project-theme/Theme/Model/Layout.php:56
[09-Jun-2020 21:10:20 UTC] PHP Notice:  Undefined index: portrait_video in /Users/errolsidelsky/Dropbox/www/artbasel/public_html/wp-content/themes/project-theme/Theme/Model/ImageContent.php on line 16
[09-Jun-2020 21:10:20 UTC] PHP Stack trace:
[09-Jun-2020 21:10:20 UTC] PHP   1. {main}() /Users/errolsidelsky/Dropbox/www/artbasel/public_html/index.php:0
[09-Jun-2020 21:10:20 UTC] PHP   2. require() /Users/errolsidelsky/Dropbox/www/artbasel/public_html/index.php:17
[09-Jun-2020 21:10:20 UTC] PHP   3. require_once() /Users/errolsidelsky/Dropbox/www/artbasel/public_html/wordpress/wp-blog-header.php:19
[09-Jun-2020 21:10:20 UTC] PHP   4. include() /Users/errolsidelsky/Dropbox/www/artbasel/public_html/wordpress/wp-includes/template-loader.php:106
[09-Jun-2020 21:10:20 UTC] PHP   5. Theme\Model\Layout->__construct() /Users/errolsidelsky/Dropbox/www/artbasel/public_html/wp-content/themes/project-theme/page-art-fairs.php:12
[09-Jun-2020 21:10:20 UTC] PHP   6. Theme\Model\ImageContent->getImageContent() /Users/errolsidelsky/Dropbox/www/artbasel/public_html/wp-content/themes/project-theme/Theme/Model/Layout.php:56
[09-Jun-2020 21:10:20 UTC] PHP Notice:  Undefined index: carousel in /Users/errolsidelsky/Dropbox/www/artbasel/public_html/wp-content/themes/project-theme/Theme/Model/ImageContent.php on line 17
[09-Jun-2020 21:10:20 UTC] PHP Stack trace:
[09-Jun-2020 21:10:20 UTC] PHP   1. {main}() /Users/errolsidelsky/Dropbox/www/artbasel/public_html/index.php:0
[09-Jun-2020 21:10:20 UTC] PHP   2. require() /Users/errolsidelsky/Dropbox/www/artbasel/public_html/index.php:17
[09-Jun-2020 21:10:20 UTC] PHP   3. require_once() /Users/errolsidelsky/Dropbox/www/artbasel/public_html/wordpress/wp-blog-header.php:19
[09-Jun-2020 21:10:20 UTC] PHP   4. include() /Users/errolsidelsky/Dropbox/www/artbasel/public_html/wordpress/wp-includes/template-loader.php:106
[09-Jun-2020 21:10:20 UTC] PHP   5. Theme\Model\Layout->__construct() /Users/errolsidelsky/Dropbox/www/artbasel/public_html/wp-content/themes/project-theme/page-art-fairs.php:12
[09-Jun-2020 21:10:20 UTC] PHP   6. Theme\Model\ImageContent->getImageContent() /Users/errolsidelsky/Dropbox/www/artbasel/public_html/wp-content/themes/project-theme/Theme/Model/Layout.php:56
[09-Jun-2020 21:10:20 UTC] PHP Notice:  Undefined index: iframe in /Users/errolsidelsky/Dropbox/www/artbasel/public_html/wp-content/themes/project-theme/Theme/Model/ImageContent.php on line 18
[09-Jun-2020 21:10:20 UTC] PHP Stack trace:
[09-Jun-2020 21:10:20 UTC] PHP   1. {main}() /Users/errolsidelsky/Dropbox/www/artbasel/public_html/index.php:0
[09-Jun-2020 21:10:20 UTC] PHP   2. require() /Users/errolsidelsky/Dropbox/www/artbasel/public_html/index.php:17
[09-Jun-2020 21:10:20 UTC] PHP   3. require_once() /Users/errolsidelsky/Dropbox/www/artbasel/public_html/wordpress/wp-blog-header.php:19
[09-Jun-2020 21:10:20 UTC] PHP   4. include() /Users/errolsidelsky/Dropbox/www/artbasel/public_html/wordpress/wp-includes/template-loader.php:106
[09-Jun-2020 21:10:20 UTC] PHP   5. Theme\Model\Layout->__construct() /Users/errolsidelsky/Dropbox/www/artbasel/public_html/wp-content/themes/project-theme/page-art-fairs.php:12
[09-Jun-2020 21:10:20 UTC] PHP   6. Theme\Model\ImageContent->getImageContent() /Users/errolsidelsky/Dropbox/www/artbasel/public_html/wp-content/themes/project-theme/Theme/Model/Layout.php:56
[09-Jun-2020 21:10:20 UTC] PHP Notice:  Undefined index: image_content in /Users/errolsidelsky/Dropbox/www/artbasel/public_html/wp-content/themes/project-theme/Theme/Model/ImageContent.php on line 14
[09-Jun-2020 21:10:20 UTC] PHP Stack trace:
[09-Jun-2020 21:10:20 UTC] PHP   1. {main}() /Users/errolsidelsky/Dropbox/www/artbasel/public_html/index.php:0
[09-Jun-2020 21:10:20 UTC] PHP   2. require() /Users/errolsidelsky/Dropbox/www/artbasel/public_html/index.php:17
[09-Jun-2020 21:10:20 UTC] PHP   3. require_once() /Users/errolsidelsky/Dropbox/www/artbasel/public_html/wordpress/wp-blog-header.php:19
[09-Jun-2020 21:10:20 UTC] PHP   4. include() /Users/errolsidelsky/Dropbox/www/artbasel/public_html/wordpress/wp-includes/template-loader.php:106
[09-Jun-2020 21:10:20 UTC] PHP   5. Theme\Model\Layout->__construct() /Users/errolsidelsky/Dropbox/www/artbasel/public_html/wp-content/themes/project-theme/page-art-fairs.php:12
[09-Jun-2020 21:10:20 UTC] PHP   6. Theme\Model\ImageContent->getImageContent() /Users/errolsidelsky/Dropbox/www/artbasel/public_html/wp-content/themes/project-theme/Theme/Model/Layout.php:56
[09-Jun-2020 21:10:20 UTC] PHP Notice:  Undefined index: video_content in /Users/errolsidelsky/Dropbox/www/artbasel/public_html/wp-content/themes/project-theme/Theme/Model/ImageContent.php on line 15
[09-Jun-2020 21:10:20 UTC] PHP Stack trace:
[09-Jun-2020 21:10:20 UTC] PHP   1. {main}() /Users/errolsidelsky/Dropbox/www/artbasel/public_html/index.php:0
[09-Jun-2020 21:10:20 UTC] PHP   2. require() /Users/errolsidelsky/Dropbox/www/artbasel/public_html/index.php:17
[09-Jun-2020 21:10:20 UTC] PHP   3. require_once() /Users/errolsidelsky/Dropbox/www/artbasel/public_html/wordpress/wp-blog-header.php:19
[09-Jun-2020 21:10:20 UTC] PHP   4. include() /Users/errolsidelsky/Dropbox/www/artbasel/public_html/wordpress/wp-includes/template-loader.php:106
[09-Jun-2020 21:10:20 UTC] PHP   5. Theme\Model\Layout->__construct() /Users/errolsidelsky/Dropbox/www/artbasel/public_html/wp-content/themes/project-theme/page-art-fairs.php:12
[09-Jun-2020 21:10:20 UTC] PHP   6. Theme\Model\ImageContent->getImageContent() /Users/errolsidelsky/Dropbox/www/artbasel/public_html/wp-content/themes/project-theme/Theme/Model/Layout.php:56
[09-Jun-2020 21:10:20 UTC] PHP Notice:  Undefined index: portrait_video in /Users/errolsidelsky/Dropbox/www/artbasel/public_html/wp-content/themes/project-theme/Theme/Model/ImageContent.php on line 16
[09-Jun-2020 21:10:20 UTC] PHP Stack trace:
[09-Jun-2020 21:10:20 UTC] PHP   1. {main}() /Users/errolsidelsky/Dropbox/www/artbasel/public_html/index.php:0
[09-Jun-2020 21:10:20 UTC] PHP   2. require() /Users/errolsidelsky/Dropbox/www/artbasel/public_html/index.php:17
[09-Jun-2020 21:10:20 UTC] PHP   3. require_once() /Users/errolsidelsky/Dropbox/www/artbasel/public_html/wordpress/wp-blog-header.php:19
[09-Jun-2020 21:10:20 UTC] PHP   4. include() /Users/errolsidelsky/Dropbox/www/artbasel/public_html/wordpress/wp-includes/template-loader.php:106
[09-Jun-2020 21:10:20 UTC] PHP   5. Theme\Model\Layout->__construct() /Users/errolsidelsky/Dropbox/www/artbasel/public_html/wp-content/themes/project-theme/page-art-fairs.php:12
[09-Jun-2020 21:10:20 UTC] PHP   6. Theme\Model\ImageContent->getImageContent() /Users/errolsidelsky/Dropbox/www/artbasel/public_html/wp-content/themes/project-theme/Theme/Model/Layout.php:56
[09-Jun-2020 21:10:20 UTC] PHP Notice:  Undefined index: carousel in /Users/errolsidelsky/Dropbox/www/artbasel/public_html/wp-content/themes/project-theme/Theme/Model/ImageContent.php on line 17
[09-Jun-2020 21:10:20 UTC] PHP Stack trace:
[09-Jun-2020 21:10:20 UTC] PHP   1. {main}() /Users/errolsidelsky/Dropbox/www/artbasel/public_html/index.php:0
[09-Jun-2020 21:10:20 UTC] PHP   2. require() /Users/errolsidelsky/Dropbox/www/artbasel/public_html/index.php:17
[09-Jun-2020 21:10:20 UTC] PHP   3. require_once() /Users/errolsidelsky/Dropbox/www/artbasel/public_html/wordpress/wp-blog-header.php:19
[09-Jun-2020 21:10:20 UTC] PHP   4. include() /Users/errolsidelsky/Dropbox/www/artbasel/public_html/wordpress/wp-includes/template-loader.php:106
[09-Jun-2020 21:10:20 UTC] PHP   5. Theme\Model\Layout->__construct() /Users/errolsidelsky/Dropbox/www/artbasel/public_html/wp-content/themes/project-theme/page-art-fairs.php:12
[09-Jun-2020 21:10:20 UTC] PHP   6. Theme\Model\ImageContent->getImageContent() /Users/errolsidelsky/Dropbox/www/artbasel/public_html/wp-content/themes/project-theme/Theme/Model/Layout.php:56
[09-Jun-2020 21:10:20 UTC] PHP Notice:  Undefined index: iframe in /Users/errolsidelsky/Dropbox/www/artbasel/public_html/wp-content/themes/project-theme/Theme/Model/ImageContent.php on line 18
[09-Jun-2020 21:10:20 UTC] PHP Stack trace:
[09-Jun-2020 21:10:20 UTC] PHP   1. {main}() /Users/errolsidelsky/Dropbox/www/artbasel/public_html/index.php:0
[09-Jun-2020 21:10:20 UTC] PHP   2. require() /Users/errolsidelsky/Dropbox/www/artbasel/public_html/index.php:17
[09-Jun-2020 21:10:20 UTC] PHP   3. require_once() /Users/errolsidelsky/Dropbox/www/artbasel/public_html/wordpress/wp-blog-header.php:19
[09-Jun-2020 21:10:20 UTC] PHP   4. include() /Users/errolsidelsky/Dropbox/www/artbasel/public_html/wordpress/wp-includes/template-loader.php:106
[09-Jun-2020 21:10:20 UTC] PHP   5. Theme\Model\Layout->__construct() /Users/errolsidelsky/Dropbox/www/artbasel/public_html/wp-content/themes/project-theme/page-art-fairs.php:12
[09-Jun-2020 21:10:20 UTC] PHP   6. Theme\Model\ImageContent->getImageContent() /Users/errolsidelsky/Dropbox/www/artbasel/public_html/wp-content/themes/project-theme/Theme/Model/Layout.php:56
[09-Jun-2020 21:10:20 UTC] PHP Notice:  Array to string conversion in /Users/errolsidelsky/Dropbox/www/artbasel/public_html/wp-content/themes/project-theme/Theme/View/Components/c-viewing-room-carousel.php on line 27
[09-Jun-2020 21:10:20 UTC] PHP Stack trace:
[09-Jun-2020 21:10:20 UTC] PHP   1. {main}() /Users/errolsidelsky/Dropbox/www/artbasel/public_html/index.php:0
[09-Jun-2020 21:10:20 UTC] PHP   2. require() /Users/errolsidelsky/Dropbox/www/artbasel/public_html/index.php:17
[09-Jun-2020 21:10:20 UTC] PHP   3. require_once() /Users/errolsidelsky/Dropbox/www/artbasel/public_html/wordpress/wp-blog-header.php:19
[09-Jun-2020 21:10:20 UTC] PHP   4. include() /Users/errolsidelsky/Dropbox/www/artbasel/public_html/wordpress/wp-includes/template-loader.php:106
[09-Jun-2020 21:10:20 UTC] PHP   5. App\Helper\Render->view() /Users/errolsidelsky/Dropbox/www/artbasel/public_html/wp-content/themes/project-theme/page-art-fairs.php:37
[09-Jun-2020 21:10:20 UTC] PHP   6. include() /Users/errolsidelsky/Dropbox/www/artbasel/src/App/Helper/Render.php:26
[09-Jun-2020 21:10:20 UTC] PHP Notice:  Undefined index: title in /Users/errolsidelsky/Dropbox/www/artbasel/public_html/wp-content/themes/project-theme/Theme/View/Components/c-title-break.php on line 11
[09-Jun-2020 21:10:20 UTC] PHP Stack trace:
[09-Jun-2020 21:10:20 UTC] PHP   1. {main}() /Users/errolsidelsky/Dropbox/www/artbasel/public_html/index.php:0
[09-Jun-2020 21:10:20 UTC] PHP   2. require() /Users/errolsidelsky/Dropbox/www/artbasel/public_html/index.php:17
[09-Jun-2020 21:10:20 UTC] PHP   3. require_once() /Users/errolsidelsky/Dropbox/www/artbasel/public_html/wordpress/wp-blog-header.php:19
[09-Jun-2020 21:10:20 UTC] PHP   4. include() /Users/errolsidelsky/Dropbox/www/artbasel/public_html/wordpress/wp-includes/template-loader.php:106
[09-Jun-2020 21:10:20 UTC] PHP   5. App\Helper\Render->view() /Users/errolsidelsky/Dropbox/www/artbasel/public_html/wp-content/themes/project-theme/page-art-fairs.php:72
[09-Jun-2020 21:10:20 UTC] PHP   6. include() /Users/errolsidelsky/Dropbox/www/artbasel/src/App/Helper/Render.php:26
[09-Jun-2020 21:10:20 UTC] PHP Notice:  Undefined index: art_fairs in /Users/errolsidelsky/Dropbox/www/artbasel/public_html/wp-content/themes/project-theme/Theme/View/Components/c-art-fairs.php on line 5
[09-Jun-2020 21:10:20 UTC] PHP Stack trace:
[09-Jun-2020 21:10:20 UTC] PHP   1. {main}() /Users/errolsidelsky/Dropbox/www/artbasel/public_html/index.php:0
[09-Jun-2020 21:10:20 UTC] PHP   2. require() /Users/errolsidelsky/Dropbox/www/artbasel/public_html/index.php:17
[09-Jun-2020 21:10:20 UTC] PHP   3. require_once() /Users/errolsidelsky/Dropbox/www/artbasel/public_html/wordpress/wp-blog-header.php:19
[09-Jun-2020 21:10:20 UTC] PHP   4. include() /Users/errolsidelsky/Dropbox/www/artbasel/public_html/wordpress/wp-includes/template-loader.php:106
[09-Jun-2020 21:10:20 UTC] PHP   5. App\Helper\Render->view() /Users/errolsidelsky/Dropbox/www/artbasel/public_html/wp-content/themes/project-theme/page-art-fairs.php:72
[09-Jun-2020 21:10:20 UTC] PHP   6. include() /Users/errolsidelsky/Dropbox/www/artbasel/src/App/Helper/Render.php:26
[09-Jun-2020 21:10:20 UTC] PHP Warning:  Invalid argument supplied for foreach() in /Users/errolsidelsky/Dropbox/www/artbasel/public_html/wp-content/themes/project-theme/Theme/View/Components/c-art-fairs.php on line 7
[09-Jun-2020 21:10:20 UTC] PHP Stack trace:
[09-Jun-2020 21:10:20 UTC] PHP   1. {main}() /Users/errolsidelsky/Dropbox/www/artbasel/public_html/index.php:0
[09-Jun-2020 21:10:20 UTC] PHP   2. require() /Users/errolsidelsky/Dropbox/www/artbasel/public_html/index.php:17
[09-Jun-2020 21:10:20 UTC] PHP   3. require_once() /Users/errolsidelsky/Dropbox/www/artbasel/public_html/wordpress/wp-blog-header.php:19
[09-Jun-2020 21:10:20 UTC] PHP   4. include() /Users/errolsidelsky/Dropbox/www/artbasel/public_html/wordpress/wp-includes/template-loader.php:106
[09-Jun-2020 21:10:20 UTC] PHP   5. App\Helper\Render->view() /Users/errolsidelsky/Dropbox/www/artbasel/public_html/wp-content/themes/project-theme/page-art-fairs.php:72
[09-Jun-2020 21:10:20 UTC] PHP   6. include() /Users/errolsidelsky/Dropbox/www/artbasel/src/App/Helper/Render.php:26
[09-Jun-2020 21:10:20 UTC] PHP Notice:  Undefined index: art_fairs in /Users/errolsidelsky/Dropbox/www/artbasel/public_html/wp-content/themes/project-theme/Theme/View/Components/c-art-fairs.php on line 5
[09-Jun-2020 21:10:20 UTC] PHP Stack trace:
[09-Jun-2020 21:10:20 UTC] PHP   1. {main}() /Users/errolsidelsky/Dropbox/www/artbasel/public_html/index.php:0
[09-Jun-2020 21:10:20 UTC] PHP   2. require() /Users/errolsidelsky/Dropbox/www/artbasel/public_html/index.php:17
[09-Jun-2020 21:10:20 UTC] PHP   3. require_once() /Users/errolsidelsky/Dropbox/www/artbasel/public_html/wordpress/wp-blog-header.php:19
[09-Jun-2020 21:10:20 UTC] PHP   4. include() /Users/errolsidelsky/Dropbox/www/artbasel/public_html/wordpress/wp-includes/template-loader.php:106
[09-Jun-2020 21:10:20 UTC] PHP   5. App\Helper\Render->view() /Users/errolsidelsky/Dropbox/www/artbasel/public_html/wp-content/themes/project-theme/page-art-fairs.php:72
[09-Jun-2020 21:10:20 UTC] PHP   6. include() /Users/errolsidelsky/Dropbox/www/artbasel/src/App/Helper/Render.php:26
[09-Jun-2020 21:10:20 UTC] PHP Warning:  Invalid argument supplied for foreach() in /Users/errolsidelsky/Dropbox/www/artbasel/public_html/wp-content/themes/project-theme/Theme/View/Components/c-art-fairs.php on line 7
[09-Jun-2020 21:10:20 UTC] PHP Stack trace:
[09-Jun-2020 21:10:20 UTC] PHP   1. {main}() /Users/errolsidelsky/Dropbox/www/artbasel/public_html/index.php:0
[09-Jun-2020 21:10:20 UTC] PHP   2. require() /Users/errolsidelsky/Dropbox/www/artbasel/public_html/index.php:17
[09-Jun-2020 21:10:20 UTC] PHP   3. require_once() /Users/errolsidelsky/Dropbox/www/artbasel/public_html/wordpress/wp-blog-header.php:19
[09-Jun-2020 21:10:20 UTC] PHP   4. include() /Users/errolsidelsky/Dropbox/www/artbasel/public_html/wordpress/wp-includes/template-loader.php:106
[09-Jun-2020 21:10:20 UTC] PHP   5. App\Helper\Render->view() /Users/errolsidelsky/Dropbox/www/artbasel/public_html/wp-content/themes/project-theme/page-art-fairs.php:72
[09-Jun-2020 21:10:20 UTC] PHP   6. include() /Users/errolsidelsky/Dropbox/www/artbasel/src/App/Helper/Render.php:26
[09-Jun-2020 21:10:37 UTC] PHP Fatal error:  Uncaught Error: Class 'Theme\Model\CFullWidthImage' not found in /Users/errolsidelsky/Dropbox/www/artbasel/public_html/wp-content/themes/project-theme/Theme/Model/Layout.php:55
Stack trace:
#0 /Users/errolsidelsky/Dropbox/www/artbasel/public_html/wp-content/themes/project-theme/page-art-fairs.php(12): Theme\Model\Layout->__construct()
#1 /Users/errolsidelsky/Dropbox/www/artbasel/public_html/wordpress/wp-includes/template-loader.php(106): include('/Users/errolsid...')
#2 /Users/errolsidelsky/Dropbox/www/artbasel/public_html/wordpress/wp-blog-header.php(19): require_once('/Users/errolsid...')
#3 /Users/errolsidelsky/Dropbox/www/artbasel/public_html/index.php(17): require('/Users/errolsid...')
#4 {main}
  thrown in /Users/errolsidelsky/Dropbox/www/artbasel/public_html/wp-content/themes/project-theme/Theme/Model/Layout.php on line 55
[09-Jun-2020 21:10:59 UTC] PHP Fatal error:  Uncaught Error: Class 'Theme\Model\CFullWidthImage' not found in /Users/errolsidelsky/Dropbox/www/artbasel/public_html/wp-content/themes/project-theme/Theme/Model/Layout.php:55
Stack trace:
#0 /Users/errolsidelsky/Dropbox/www/artbasel/public_html/wp-content/themes/project-theme/page-art-fairs.php(12): Theme\Model\Layout->__construct()
#1 /Users/errolsidelsky/Dropbox/www/artbasel/public_html/wordpress/wp-includes/template-loader.php(106): include('/Users/errolsid...')
#2 /Users/errolsidelsky/Dropbox/www/artbasel/public_html/wordpress/wp-blog-header.php(19): require_once('/Users/errolsid...')
#3 /Users/errolsidelsky/Dropbox/www/artbasel/public_html/index.php(17): require('/Users/errolsid...')
#4 {main}
  thrown in /Users/errolsidelsky/Dropbox/www/artbasel/public_html/wp-content/themes/project-theme/Theme/Model/Layout.php on line 55
[09-Jun-2020 21:11:18 UTC] PHP Fatal error:  Uncaught Error: Class 'Theme\Model\CFullWidthImage' not found in /Users/errolsidelsky/Dropbox/www/artbasel/public_html/wp-content/themes/project-theme/Theme/Model/Layout.php:55
Stack trace:
#0 /Users/errolsidelsky/Dropbox/www/artbasel/public_html/wp-content/themes/project-theme/page-art-fairs.php(12): Theme\Model\Layout->__construct()
#1 /Users/errolsidelsky/Dropbox/www/artbasel/public_html/wordpress/wp-includes/template-loader.php(106): include('/Users/errolsid...')
#2 /Users/errolsidelsky/Dropbox/www/artbasel/public_html/wordpress/wp-blog-header.php(19): require_once('/Users/errolsid...')
#3 /Users/errolsidelsky/Dropbox/www/artbasel/public_html/index.php(17): require('/Users/errolsid...')
#4 {main}
  thrown in /Users/errolsidelsky/Dropbox/www/artbasel/public_html/wp-content/themes/project-theme/Theme/Model/Layout.php on line 55
[09-Jun-2020 21:11:48 UTC] PHP Notice:  Array to string conversion in /Users/errolsidelsky/Dropbox/www/artbasel/public_html/wp-content/themes/project-theme/Theme/View/Components/c-viewing-room-carousel.php on line 27
[09-Jun-2020 21:11:48 UTC] PHP Stack trace:
[09-Jun-2020 21:11:48 UTC] PHP   1. {main}() /Users/errolsidelsky/Dropbox/www/artbasel/public_html/index.php:0
[09-Jun-2020 21:11:48 UTC] PHP   2. require() /Users/errolsidelsky/Dropbox/www/artbasel/public_html/index.php:17
[09-Jun-2020 21:11:48 UTC] PHP   3. require_once() /Users/errolsidelsky/Dropbox/www/artbasel/public_html/wordpress/wp-blog-header.php:19
[09-Jun-2020 21:11:48 UTC] PHP   4. include() /Users/errolsidelsky/Dropbox/www/artbasel/public_html/wordpress/wp-includes/template-loader.php:106
[09-Jun-2020 21:11:48 UTC] PHP   5. App\Helper\Render->view() /Users/errolsidelsky/Dropbox/www/artbasel/public_html/wp-content/themes/project-theme/page-art-fairs.php:37
[09-Jun-2020 21:11:48 UTC] PHP   6. include() /Users/errolsidelsky/Dropbox/www/artbasel/src/App/Helper/Render.php:26
[09-Jun-2020 21:11:48 UTC] PHP Notice:  Undefined index: title in /Users/errolsidelsky/Dropbox/www/artbasel/public_html/wp-content/themes/project-theme/Theme/View/Components/c-title-break.php on line 11
[09-Jun-2020 21:11:48 UTC] PHP Stack trace:
[09-Jun-2020 21:11:48 UTC] PHP   1. {main}() /Users/errolsidelsky/Dropbox/www/artbasel/public_html/index.php:0
[09-Jun-2020 21:11:48 UTC] PHP   2. require() /Users/errolsidelsky/Dropbox/www/artbasel/public_html/index.php:17
[09-Jun-2020 21:11:48 UTC] PHP   3. require_once() /Users/errolsidelsky/Dropbox/www/artbasel/public_html/wordpress/wp-blog-header.php:19
[09-Jun-2020 21:11:48 UTC] PHP   4. include() /Users/errolsidelsky/Dropbox/www/artbasel/public_html/wordpress/wp-includes/template-loader.php:106
[09-Jun-2020 21:11:48 UTC] PHP   5. App\Helper\Render->view() /Users/errolsidelsky/Dropbox/www/artbasel/public_html/wp-content/themes/project-theme/page-art-fairs.php:72
[09-Jun-2020 21:11:48 UTC] PHP   6. include() /Users/errolsidelsky/Dropbox/www/artbasel/src/App/Helper/Render.php:26
[09-Jun-2020 21:11:48 UTC] PHP Notice:  Array to string conversion in /Users/errolsidelsky/Dropbox/www/artbasel/public_html/wp-content/themes/project-theme/Theme/View/Components/c-full-width-image.php on line 16
[09-Jun-2020 21:11:48 UTC] PHP Stack trace:
[09-Jun-2020 21:11:48 UTC] PHP   1. {main}() /Users/errolsidelsky/Dropbox/www/artbasel/public_html/index.php:0
[09-Jun-2020 21:11:48 UTC] PHP   2. require() /Users/errolsidelsky/Dropbox/www/artbasel/public_html/index.php:17
[09-Jun-2020 21:11:48 UTC] PHP   3. require_once() /Users/errolsidelsky/Dropbox/www/artbasel/public_html/wordpress/wp-blog-header.php:19
[09-Jun-2020 21:11:48 UTC] PHP   4. include() /Users/errolsidelsky/Dropbox/www/artbasel/public_html/wordpress/wp-includes/template-loader.php:106
[09-Jun-2020 21:11:48 UTC] PHP   5. App\Helper\Render->view() /Users/errolsidelsky/Dropbox/www/artbasel/public_html/wp-content/themes/project-theme/page-art-fairs.php:72
[09-Jun-2020 21:11:48 UTC] PHP   6. include() /Users/errolsidelsky/Dropbox/www/artbasel/src/App/Helper/Render.php:26
[09-Jun-2020 21:11:48 UTC] PHP Notice:  Array to string conversion in /Users/errolsidelsky/Dropbox/www/artbasel/public_html/wp-content/themes/project-theme/Theme/View/Components/c-full-width-image.php on line 16
[09-Jun-2020 21:11:48 UTC] PHP Stack trace:
[09-Jun-2020 21:11:48 UTC] PHP   1. {main}() /Users/errolsidelsky/Dropbox/www/artbasel/public_html/index.php:0
[09-Jun-2020 21:11:48 UTC] PHP   2. require() /Users/errolsidelsky/Dropbox/www/artbasel/public_html/index.php:17
[09-Jun-2020 21:11:48 UTC] PHP   3. require_once() /Users/errolsidelsky/Dropbox/www/artbasel/public_html/wordpress/wp-blog-header.php:19
[09-Jun-2020 21:11:48 UTC] PHP   4. include() /Users/errolsidelsky/Dropbox/www/artbasel/public_html/wordpress/wp-includes/template-loader.php:106
[09-Jun-2020 21:11:48 UTC] PHP   5. App\Helper\Render->view() /Users/errolsidelsky/Dropbox/www/artbasel/public_html/wp-content/themes/project-theme/page-art-fairs.php:72
[09-Jun-2020 21:11:48 UTC] PHP   6. include() /Users/errolsidelsky/Dropbox/www/artbasel/src/App/Helper/Render.php:26
[09-Jun-2020 21:11:49 UTC] PHP Notice:  Array to string conversion in /Users/errolsidelsky/Dropbox/www/artbasel/public_html/wp-content/themes/project-theme/Theme/View/Components/c-viewing-room-carousel.php on line 27
[09-Jun-2020 21:11:49 UTC] PHP Stack trace:
[09-Jun-2020 21:11:49 UTC] PHP   1. {main}() /Users/errolsidelsky/Dropbox/www/artbasel/public_html/index.php:0
[09-Jun-2020 21:11:49 UTC] PHP   2. require() /Users/errolsidelsky/Dropbox/www/artbasel/public_html/index.php:17
[09-Jun-2020 21:11:49 UTC] PHP   3. require_once() /Users/errolsidelsky/Dropbox/www/artbasel/public_html/wordpress/wp-blog-header.php:19
[09-Jun-2020 21:11:49 UTC] PHP   4. include() /Users/errolsidelsky/Dropbox/www/artbasel/public_html/wordpress/wp-includes/template-loader.php:106
[09-Jun-2020 21:11:49 UTC] PHP   5. App\Helper\Render->view() /Users/errolsidelsky/Dropbox/www/artbasel/public_html/wp-content/themes/project-theme/page-art-fairs.php:37
[09-Jun-2020 21:11:49 UTC] PHP   6. include() /Users/errolsidelsky/Dropbox/www/artbasel/src/App/Helper/Render.php:26
[09-Jun-2020 21:11:49 UTC] PHP Notice:  Undefined index: title in /Users/errolsidelsky/Dropbox/www/artbasel/public_html/wp-content/themes/project-theme/Theme/View/Components/c-title-break.php on line 11
[09-Jun-2020 21:11:49 UTC] PHP Stack trace:
[09-Jun-2020 21:11:49 UTC] PHP   1. {main}() /Users/errolsidelsky/Dropbox/www/artbasel/public_html/index.php:0
[09-Jun-2020 21:11:49 UTC] PHP   2. require() /Users/errolsidelsky/Dropbox/www/artbasel/public_html/index.php:17
[09-Jun-2020 21:11:49 UTC] PHP   3. require_once() /Users/errolsidelsky/Dropbox/www/artbasel/public_html/wordpress/wp-blog-header.php:19
[09-Jun-2020 21:11:49 UTC] PHP   4. include() /Users/errolsidelsky/Dropbox/www/artbasel/public_html/wordpress/wp-includes/template-loader.php:106
[09-Jun-2020 21:11:49 UTC] PHP   5. App\Helper\Render->view() /Users/errolsidelsky/Dropbox/www/artbasel/public_html/wp-content/themes/project-theme/page-art-fairs.php:72
[09-Jun-2020 21:11:49 UTC] PHP   6. include() /Users/errolsidelsky/Dropbox/www/artbasel/src/App/Helper/Render.php:26
[09-Jun-2020 21:11:49 UTC] PHP Notice:  Array to string conversion in /Users/errolsidelsky/Dropbox/www/artbasel/public_html/wp-content/themes/project-theme/Theme/View/Components/c-full-width-image.php on line 16
[09-Jun-2020 21:11:49 UTC] PHP Stack trace:
[09-Jun-2020 21:11:49 UTC] PHP   1. {main}() /Users/errolsidelsky/Dropbox/www/artbasel/public_html/index.php:0
[09-Jun-2020 21:11:49 UTC] PHP   2. require() /Users/errolsidelsky/Dropbox/www/artbasel/public_html/index.php:17
[09-Jun-2020 21:11:49 UTC] PHP   3. require_once() /Users/errolsidelsky/Dropbox/www/artbasel/public_html/wordpress/wp-blog-header.php:19
[09-Jun-2020 21:11:49 UTC] PHP   4. include() /Users/errolsidelsky/Dropbox/www/artbasel/public_html/wordpress/wp-includes/template-loader.php:106
[09-Jun-2020 21:11:49 UTC] PHP   5. App\Helper\Render->view() /Users/errolsidelsky/Dropbox/www/artbasel/public_html/wp-content/themes/project-theme/page-art-fairs.php:72
[09-Jun-2020 21:11:49 UTC] PHP   6. include() /Users/errolsidelsky/Dropbox/www/artbasel/src/App/Helper/Render.php:26
[09-Jun-2020 21:11:49 UTC] PHP Notice:  Array to string conversion in /Users/errolsidelsky/Dropbox/www/artbasel/public_html/wp-content/themes/project-theme/Theme/View/Components/c-full-width-image.php on line 16
[09-Jun-2020 21:11:49 UTC] PHP Stack trace:
[09-Jun-2020 21:11:49 UTC] PHP   1. {main}() /Users/errolsidelsky/Dropbox/www/artbasel/public_html/index.php:0
[09-Jun-2020 21:11:49 UTC] PHP   2. require() /Users/errolsidelsky/Dropbox/www/artbasel/public_html/index.php:17
[09-Jun-2020 21:11:49 UTC] PHP   3. require_once() /Users/errolsidelsky/Dropbox/www/artbasel/public_html/wordpress/wp-blog-header.php:19
[09-Jun-2020 21:11:49 UTC] PHP   4. include() /Users/errolsidelsky/Dropbox/www/artbasel/public_html/wordpress/wp-includes/template-loader.php:106
[09-Jun-2020 21:11:49 UTC] PHP   5. App\Helper\Render->view() /Users/errolsidelsky/Dropbox/www/artbasel/public_html/wp-content/themes/project-theme/page-art-fairs.php:72
[09-Jun-2020 21:11:49 UTC] PHP   6. include() /Users/errolsidelsky/Dropbox/www/artbasel/src/App/Helper/Render.php:26
[09-Jun-2020 21:13:05 UTC] PHP Notice:  Array to string conversion in /Users/errolsidelsky/Dropbox/www/artbasel/public_html/wp-content/themes/project-theme/Theme/View/Components/c-viewing-room-carousel.php on line 27
[09-Jun-2020 21:13:05 UTC] PHP Stack trace:
[09-Jun-2020 21:13:05 UTC] PHP   1. {main}() /Users/errolsidelsky/Dropbox/www/artbasel/public_html/index.php:0
[09-Jun-2020 21:13:05 UTC] PHP   2. require() /Users/errolsidelsky/Dropbox/www/artbasel/public_html/index.php:17
[09-Jun-2020 21:13:05 UTC] PHP   3. require_once() /Users/errolsidelsky/Dropbox/www/artbasel/public_html/wordpress/wp-blog-header.php:19
[09-Jun-2020 21:13:05 UTC] PHP   4. include() /Users/errolsidelsky/Dropbox/www/artbasel/public_html/wordpress/wp-includes/template-loader.php:106
[09-Jun-2020 21:13:05 UTC] PHP   5. App\Helper\Render->view() /Users/errolsidelsky/Dropbox/www/artbasel/public_html/wp-content/themes/project-theme/page-art-fairs.php:37
[09-Jun-2020 21:13:05 UTC] PHP   6. include() /Users/errolsidelsky/Dropbox/www/artbasel/src/App/Helper/Render.php:26
[09-Jun-2020 21:13:05 UTC] PHP Notice:  Undefined index: title in /Users/errolsidelsky/Dropbox/www/artbasel/public_html/wp-content/themes/project-theme/Theme/View/Components/c-title-break.php on line 11
[09-Jun-2020 21:13:05 UTC] PHP Stack trace:
[09-Jun-2020 21:13:05 UTC] PHP   1. {main}() /Users/errolsidelsky/Dropbox/www/artbasel/public_html/index.php:0
[09-Jun-2020 21:13:05 UTC] PHP   2. require() /Users/errolsidelsky/Dropbox/www/artbasel/public_html/index.php:17
[09-Jun-2020 21:13:05 UTC] PHP   3. require_once() /Users/errolsidelsky/Dropbox/www/artbasel/public_html/wordpress/wp-blog-header.php:19
[09-Jun-2020 21:13:05 UTC] PHP   4. include() /Users/errolsidelsky/Dropbox/www/artbasel/public_html/wordpress/wp-includes/template-loader.php:106
[09-Jun-2020 21:13:05 UTC] PHP   5. App\Helper\Render->view() /Users/errolsidelsky/Dropbox/www/artbasel/public_html/wp-content/themes/project-theme/page-art-fairs.php:72
[09-Jun-2020 21:13:05 UTC] PHP   6. include() /Users/errolsidelsky/Dropbox/www/artbasel/src/App/Helper/Render.php:26
[09-Jun-2020 21:13:05 UTC] PHP Notice:  Array to string conversion in /Users/errolsidelsky/Dropbox/www/artbasel/public_html/wp-content/themes/project-theme/Theme/View/Components/c-full-width-image.php on line 16
[09-Jun-2020 21:13:05 UTC] PHP Stack trace:
[09-Jun-2020 21:13:05 UTC] PHP   1. {main}() /Users/errolsidelsky/Dropbox/www/artbasel/public_html/index.php:0
[09-Jun-2020 21:13:05 UTC] PHP   2. require() /Users/errolsidelsky/Dropbox/www/artbasel/public_html/index.php:17
[09-Jun-2020 21:13:05 UTC] PHP   3. require_once() /Users/errolsidelsky/Dropbox/www/artbasel/public_html/wordpress/wp-blog-header.php:19
[09-Jun-2020 21:13:05 UTC] PHP   4. include() /Users/errolsidelsky/Dropbox/www/artbasel/public_html/wordpress/wp-includes/template-loader.php:106
[09-Jun-2020 21:13:05 UTC] PHP   5. App\Helper\Render->view() /Users/errolsidelsky/Dropbox/www/artbasel/public_html/wp-content/themes/project-theme/page-art-fairs.php:72
[09-Jun-2020 21:13:05 UTC] PHP   6. include() /Users/errolsidelsky/Dropbox/www/artbasel/src/App/Helper/Render.php:26
[09-Jun-2020 21:13:05 UTC] PHP Notice:  Array to string conversion in /Users/errolsidelsky/Dropbox/www/artbasel/public_html/wp-content/themes/project-theme/Theme/View/Components/c-full-width-image.php on line 16
[09-Jun-2020 21:13:05 UTC] PHP Stack trace:
[09-Jun-2020 21:13:05 UTC] PHP   1. {main}() /Users/errolsidelsky/Dropbox/www/artbasel/public_html/index.php:0
[09-Jun-2020 21:13:05 UTC] PHP   2. require() /Users/errolsidelsky/Dropbox/www/artbasel/public_html/index.php:17
[09-Jun-2020 21:13:05 UTC] PHP   3. require_once() /Users/errolsidelsky/Dropbox/www/artbasel/public_html/wordpress/wp-blog-header.php:19
[09-Jun-2020 21:13:05 UTC] PHP   4. include() /Users/errolsidelsky/Dropbox/www/artbasel/public_html/wordpress/wp-includes/template-loader.php:106
[09-Jun-2020 21:13:05 UTC] PHP   5. App\Helper\Render->view() /Users/errolsidelsky/Dropbox/www/artbasel/public_html/wp-content/themes/project-theme/page-art-fairs.php:72
[09-Jun-2020 21:13:05 UTC] PHP   6. include() /Users/errolsidelsky/Dropbox/www/artbasel/src/App/Helper/Render.php:26
[09-Jun-2020 21:13:06 UTC] PHP Notice:  Array to string conversion in /Users/errolsidelsky/Dropbox/www/artbasel/public_html/wp-content/themes/project-theme/Theme/View/Components/c-viewing-room-carousel.php on line 27
[09-Jun-2020 21:13:06 UTC] PHP Stack trace:
[09-Jun-2020 21:13:06 UTC] PHP   1. {main}() /Users/errolsidelsky/Dropbox/www/artbasel/public_html/index.php:0
[09-Jun-2020 21:13:06 UTC] PHP   2. require() /Users/errolsidelsky/Dropbox/www/artbasel/public_html/index.php:17
[09-Jun-2020 21:13:06 UTC] PHP   3. require_once() /Users/errolsidelsky/Dropbox/www/artbasel/public_html/wordpress/wp-blog-header.php:19
[09-Jun-2020 21:13:06 UTC] PHP   4. include() /Users/errolsidelsky/Dropbox/www/artbasel/public_html/wordpress/wp-includes/template-loader.php:106
[09-Jun-2020 21:13:06 UTC] PHP   5. App\Helper\Render->view() /Users/errolsidelsky/Dropbox/www/artbasel/public_html/wp-content/themes/project-theme/page-art-fairs.php:37
[09-Jun-2020 21:13:06 UTC] PHP   6. include() /Users/errolsidelsky/Dropbox/www/artbasel/src/App/Helper/Render.php:26
[09-Jun-2020 21:13:06 UTC] PHP Notice:  Undefined index: title in /Users/errolsidelsky/Dropbox/www/artbasel/public_html/wp-content/themes/project-theme/Theme/View/Components/c-title-break.php on line 11
[09-Jun-2020 21:13:06 UTC] PHP Stack trace:
[09-Jun-2020 21:13:06 UTC] PHP   1. {main}() /Users/errolsidelsky/Dropbox/www/artbasel/public_html/index.php:0
[09-Jun-2020 21:13:06 UTC] PHP   2. require() /Users/errolsidelsky/Dropbox/www/artbasel/public_html/index.php:17
[09-Jun-2020 21:13:06 UTC] PHP   3. require_once() /Users/errolsidelsky/Dropbox/www/artbasel/public_html/wordpress/wp-blog-header.php:19
[09-Jun-2020 21:13:06 UTC] PHP   4. include() /Users/errolsidelsky/Dropbox/www/artbasel/public_html/wordpress/wp-includes/template-loader.php:106
[09-Jun-2020 21:13:06 UTC] PHP   5. App\Helper\Render->view() /Users/errolsidelsky/Dropbox/www/artbasel/public_html/wp-content/themes/project-theme/page-art-fairs.php:72
[09-Jun-2020 21:13:06 UTC] PHP   6. include() /Users/errolsidelsky/Dropbox/www/artbasel/src/App/Helper/Render.php:26
[09-Jun-2020 21:13:06 UTC] PHP Notice:  Array to string conversion in /Users/errolsidelsky/Dropbox/www/artbasel/public_html/wp-content/themes/project-theme/Theme/View/Components/c-full-width-image.php on line 16
[09-Jun-2020 21:13:06 UTC] PHP Stack trace:
[09-Jun-2020 21:13:06 UTC] PHP   1. {main}() /Users/errolsidelsky/Dropbox/www/artbasel/public_html/index.php:0
[09-Jun-2020 21:13:06 UTC] PHP   2. require() /Users/errolsidelsky/Dropbox/www/artbasel/public_html/index.php:17
[09-Jun-2020 21:13:06 UTC] PHP   3. require_once() /Users/errolsidelsky/Dropbox/www/artbasel/public_html/wordpress/wp-blog-header.php:19
[09-Jun-2020 21:13:06 UTC] PHP   4. include() /Users/errolsidelsky/Dropbox/www/artbasel/public_html/wordpress/wp-includes/template-loader.php:106
[09-Jun-2020 21:13:06 UTC] PHP   5. App\Helper\Render->view() /Users/errolsidelsky/Dropbox/www/artbasel/public_html/wp-content/themes/project-theme/page-art-fairs.php:72
[09-Jun-2020 21:13:06 UTC] PHP   6. include() /Users/errolsidelsky/Dropbox/www/artbasel/src/App/Helper/Render.php:26
[09-Jun-2020 21:13:06 UTC] PHP Notice:  Array to string conversion in /Users/errolsidelsky/Dropbox/www/artbasel/public_html/wp-content/themes/project-theme/Theme/View/Components/c-full-width-image.php on line 16
[09-Jun-2020 21:13:06 UTC] PHP Stack trace:
[09-Jun-2020 21:13:06 UTC] PHP   1. {main}() /Users/errolsidelsky/Dropbox/www/artbasel/public_html/index.php:0
[09-Jun-2020 21:13:06 UTC] PHP   2. require() /Users/errolsidelsky/Dropbox/www/artbasel/public_html/index.php:17
[09-Jun-2020 21:13:06 UTC] PHP   3. require_once() /Users/errolsidelsky/Dropbox/www/artbasel/public_html/wordpress/wp-blog-header.php:19
[09-Jun-2020 21:13:06 UTC] PHP   4. include() /Users/errolsidelsky/Dropbox/www/artbasel/public_html/wordpress/wp-includes/template-loader.php:106
[09-Jun-2020 21:13:06 UTC] PHP   5. App\Helper\Render->view() /Users/errolsidelsky/Dropbox/www/artbasel/public_html/wp-content/themes/project-theme/page-art-fairs.php:72
[09-Jun-2020 21:13:06 UTC] PHP   6. include() /Users/errolsidelsky/Dropbox/www/artbasel/src/App/Helper/Render.php:26
[09-Jun-2020 21:15:48 UTC] PHP Notice:  Array to string conversion in /Users/errolsidelsky/Dropbox/www/artbasel/public_html/wp-content/themes/project-theme/Theme/View/Components/c-viewing-room-carousel.php on line 27
[09-Jun-2020 21:15:48 UTC] PHP Stack trace:
[09-Jun-2020 21:15:48 UTC] PHP   1. {main}() /Users/errolsidelsky/Dropbox/www/artbasel/public_html/index.php:0
[09-Jun-2020 21:15:48 UTC] PHP   2. require() /Users/errolsidelsky/Dropbox/www/artbasel/public_html/index.php:17
[09-Jun-2020 21:15:48 UTC] PHP   3. require_once() /Users/errolsidelsky/Dropbox/www/artbasel/public_html/wordpress/wp-blog-header.php:19
[09-Jun-2020 21:15:48 UTC] PHP   4. include() /Users/errolsidelsky/Dropbox/www/artbasel/public_html/wordpress/wp-includes/template-loader.php:106
[09-Jun-2020 21:15:48 UTC] PHP   5. App\Helper\Render->view() /Users/errolsidelsky/Dropbox/www/artbasel/public_html/wp-content/themes/project-theme/page-art-fairs.php:37
[09-Jun-2020 21:15:48 UTC] PHP   6. include() /Users/errolsidelsky/Dropbox/www/artbasel/src/App/Helper/Render.php:26
[09-Jun-2020 21:15:48 UTC] PHP Notice:  Undefined index: title in /Users/errolsidelsky/Dropbox/www/artbasel/public_html/wp-content/themes/project-theme/Theme/View/Components/c-title-break.php on line 11
[09-Jun-2020 21:15:48 UTC] PHP Stack trace:
[09-Jun-2020 21:15:48 UTC] PHP   1. {main}() /Users/errolsidelsky/Dropbox/www/artbasel/public_html/index.php:0
[09-Jun-2020 21:15:48 UTC] PHP   2. require() /Users/errolsidelsky/Dropbox/www/artbasel/public_html/index.php:17
[09-Jun-2020 21:15:48 UTC] PHP   3. require_once() /Users/errolsidelsky/Dropbox/www/artbasel/public_html/wordpress/wp-blog-header.php:19
[09-Jun-2020 21:15:48 UTC] PHP   4. include() /Users/errolsidelsky/Dropbox/www/artbasel/public_html/wordpress/wp-includes/template-loader.php:106
[09-Jun-2020 21:15:48 UTC] PHP   5. App\Helper\Render->view() /Users/errolsidelsky/Dropbox/www/artbasel/public_html/wp-content/themes/project-theme/page-art-fairs.php:72
[09-Jun-2020 21:15:48 UTC] PHP   6. include() /Users/errolsidelsky/Dropbox/www/artbasel/src/App/Helper/Render.php:26
[09-Jun-2020 21:15:48 UTC] PHP Notice:  Array to string conversion in /Users/errolsidelsky/Dropbox/www/artbasel/public_html/wp-content/themes/project-theme/Theme/View/Components/c-full-width-image.php on line 16
[09-Jun-2020 21:15:48 UTC] PHP Stack trace:
[09-Jun-2020 21:15:48 UTC] PHP   1. {main}() /Users/errolsidelsky/Dropbox/www/artbasel/public_html/index.php:0
[09-Jun-2020 21:15:48 UTC] PHP   2. require() /Users/errolsidelsky/Dropbox/www/artbasel/public_html/index.php:17
[09-Jun-2020 21:15:48 UTC] PHP   3. require_once() /Users/errolsidelsky/Dropbox/www/artbasel/public_html/wordpress/wp-blog-header.php:19
[09-Jun-2020 21:15:48 UTC] PHP   4. include() /Users/errolsidelsky/Dropbox/www/artbasel/public_html/wordpress/wp-includes/template-loader.php:106
[09-Jun-2020 21:15:48 UTC] PHP   5. App\Helper\Render->view() /Users/errolsidelsky/Dropbox/www/artbasel/public_html/wp-content/themes/project-theme/page-art-fairs.php:72
[09-Jun-2020 21:15:48 UTC] PHP   6. include() /Users/errolsidelsky/Dropbox/www/artbasel/src/App/Helper/Render.php:26
[09-Jun-2020 21:15:48 UTC] PHP Notice:  Array to string conversion in /Users/errolsidelsky/Dropbox/www/artbasel/public_html/wp-content/themes/project-theme/Theme/View/Components/c-full-width-image.php on line 16
[09-Jun-2020 21:15:48 UTC] PHP Stack trace:
[09-Jun-2020 21:15:48 UTC] PHP   1. {main}() /Users/errolsidelsky/Dropbox/www/artbasel/public_html/index.php:0
[09-Jun-2020 21:15:48 UTC] PHP   2. require() /Users/errolsidelsky/Dropbox/www/artbasel/public_html/index.php:17
[09-Jun-2020 21:15:48 UTC] PHP   3. require_once() /Users/errolsidelsky/Dropbox/www/artbasel/public_html/wordpress/wp-blog-header.php:19
[09-Jun-2020 21:15:48 UTC] PHP   4. include() /Users/errolsidelsky/Dropbox/www/artbasel/public_html/wordpress/wp-includes/template-loader.php:106
[09-Jun-2020 21:15:48 UTC] PHP   5. App\Helper\Render->view() /Users/errolsidelsky/Dropbox/www/artbasel/public_html/wp-content/themes/project-theme/page-art-fairs.php:72
[09-Jun-2020 21:15:48 UTC] PHP   6. include() /Users/errolsidelsky/Dropbox/www/artbasel/src/App/Helper/Render.php:26
[09-Jun-2020 21:15:50 UTC] PHP Notice:  Array to string conversion in /Users/errolsidelsky/Dropbox/www/artbasel/public_html/wp-content/themes/project-theme/Theme/View/Components/c-viewing-room-carousel.php on line 27
[09-Jun-2020 21:15:50 UTC] PHP Stack trace:
[09-Jun-2020 21:15:50 UTC] PHP   1. {main}() /Users/errolsidelsky/Dropbox/www/artbasel/public_html/index.php:0
[09-Jun-2020 21:15:50 UTC] PHP   2. require() /Users/errolsidelsky/Dropbox/www/artbasel/public_html/index.php:17
[09-Jun-2020 21:15:50 UTC] PHP   3. require_once() /Users/errolsidelsky/Dropbox/www/artbasel/public_html/wordpress/wp-blog-header.php:19
[09-Jun-2020 21:15:50 UTC] PHP   4. include() /Users/errolsidelsky/Dropbox/www/artbasel/public_html/wordpress/wp-includes/template-loader.php:106
[09-Jun-2020 21:15:50 UTC] PHP   5. App\Helper\Render->view() /Users/errolsidelsky/Dropbox/www/artbasel/public_html/wp-content/themes/project-theme/page-art-fairs.php:37
[09-Jun-2020 21:15:50 UTC] PHP   6. include() /Users/errolsidelsky/Dropbox/www/artbasel/src/App/Helper/Render.php:26
[09-Jun-2020 21:15:50 UTC] PHP Notice:  Undefined index: title in /Users/errolsidelsky/Dropbox/www/artbasel/public_html/wp-content/themes/project-theme/Theme/View/Components/c-title-break.php on line 11
[09-Jun-2020 21:15:50 UTC] PHP Stack trace:
[09-Jun-2020 21:15:50 UTC] PHP   1. {main}() /Users/errolsidelsky/Dropbox/www/artbasel/public_html/index.php:0
[09-Jun-2020 21:15:50 UTC] PHP   2. require() /Users/errolsidelsky/Dropbox/www/artbasel/public_html/index.php:17
[09-Jun-2020 21:15:50 UTC] PHP   3. require_once() /Users/errolsidelsky/Dropbox/www/artbasel/public_html/wordpress/wp-blog-header.php:19
[09-Jun-2020 21:15:50 UTC] PHP   4. include() /Users/errolsidelsky/Dropbox/www/artbasel/public_html/wordpress/wp-includes/template-loader.php:106
[09-Jun-2020 21:15:50 UTC] PHP   5. App\Helper\Render->view() /Users/errolsidelsky/Dropbox/www/artbasel/public_html/wp-content/themes/project-theme/page-art-fairs.php:72
[09-Jun-2020 21:15:50 UTC] PHP   6. include() /Users/errolsidelsky/Dropbox/www/artbasel/src/App/Helper/Render.php:26
[09-Jun-2020 21:15:50 UTC] PHP Notice:  Array to string conversion in /Users/errolsidelsky/Dropbox/www/artbasel/public_html/wp-content/themes/project-theme/Theme/View/Components/c-full-width-image.php on line 16
[09-Jun-2020 21:15:50 UTC] PHP Stack trace:
[09-Jun-2020 21:15:50 UTC] PHP   1. {main}() /Users/errolsidelsky/Dropbox/www/artbasel/public_html/index.php:0
[09-Jun-2020 21:15:50 UTC] PHP   2. require() /Users/errolsidelsky/Dropbox/www/artbasel/public_html/index.php:17
[09-Jun-2020 21:15:50 UTC] PHP   3. require_once() /Users/errolsidelsky/Dropbox/www/artbasel/public_html/wordpress/wp-blog-header.php:19
[09-Jun-2020 21:15:50 UTC] PHP   4. include() /Users/errolsidelsky/Dropbox/www/artbasel/public_html/wordpress/wp-includes/template-loader.php:106
[09-Jun-2020 21:15:50 UTC] PHP   5. App\Helper\Render->view() /Users/errolsidelsky/Dropbox/www/artbasel/public_html/wp-content/themes/project-theme/page-art-fairs.php:72
[09-Jun-2020 21:15:50 UTC] PHP   6. include() /Users/errolsidelsky/Dropbox/www/artbasel/src/App/Helper/Render.php:26
[09-Jun-2020 21:15:50 UTC] PHP Notice:  Array to string conversion in /Users/errolsidelsky/Dropbox/www/artbasel/public_html/wp-content/themes/project-theme/Theme/View/Components/c-full-width-image.php on line 16
[09-Jun-2020 21:15:50 UTC] PHP Stack trace:
[09-Jun-2020 21:15:50 UTC] PHP   1. {main}() /Users/errolsidelsky/Dropbox/www/artbasel/public_html/index.php:0
[09-Jun-2020 21:15:50 UTC] PHP   2. require() /Users/errolsidelsky/Dropbox/www/artbasel/public_html/index.php:17
[09-Jun-2020 21:15:50 UTC] PHP   3. require_once() /Users/errolsidelsky/Dropbox/www/artbasel/public_html/wordpress/wp-blog-header.php:19
[09-Jun-2020 21:15:50 UTC] PHP   4. include() /Users/errolsidelsky/Dropbox/www/artbasel/public_html/wordpress/wp-includes/template-loader.php:106
[09-Jun-2020 21:15:50 UTC] PHP   5. App\Helper\Render->view() /Users/errolsidelsky/Dropbox/www/artbasel/public_html/wp-content/themes/project-theme/page-art-fairs.php:72
[09-Jun-2020 21:15:50 UTC] PHP   6. include() /Users/errolsidelsky/Dropbox/www/artbasel/src/App/Helper/Render.php:26
